<?xml version="1.0" encoding="UTF-8"?>
<!-- Generated by org.testng.reporters.JUnitReportReporter -->
<testsuite hostname="DESKTOP-T2U3IFN" failures="0" tests="2" name="cucumberOptions.FailedTestRunner" time="99.221" errors="2" timestamp="2024-01-13T00:17:48 IST" skipped="0">
  <testcase classname="cucumberOptions.FailedTestRunner" name="runScenario" time="52.484">
    <error type="java.util.NoSuchElementException">
      <![CDATA[java.util.NoSuchElementException
at java.base/java.util.LinkedHashMap$LinkedHashIterator.nextNode(LinkedHashMap.java:1025)
at java.base/java.util.LinkedHashMap$LinkedKeyIterator.next(LinkedHashMap.java:1046)
at utils.GenericUtils.switchWindowToChild(GenericUtils.java:19)
at stepDefinitions.OfferPageStepDefinition.switchToOffersPage(OfferPageStepDefinition.java:41)
at stepDefinitions.OfferPageStepDefinition.user_searched_for_same_shortname_in_offers_page_to_check_if_product_exist(OfferPageStepDefinition.java:28)
at ✽.User searched for Pot shortname in offers page(file:///C:/Users/Lenovo/OneDrive/Desktop/BDD%20code/BDD/src/test/java/features/searchProduct.feature:7)
]]>
    </error>
  </testcase> <!-- runScenario -->
  <testcase classname="cucumberOptions.FailedTestRunner" name="runScenario" time="46.737">
    <error type="java.util.NoSuchElementException">
      <![CDATA[java.util.NoSuchElementException
at java.base/java.util.LinkedHashMap$LinkedHashIterator.nextNode(LinkedHashMap.java:1025)
at java.base/java.util.LinkedHashMap$LinkedKeyIterator.next(LinkedHashMap.java:1046)
at utils.GenericUtils.switchWindowToChild(GenericUtils.java:19)
at stepDefinitions.OfferPageStepDefinition.switchToOffersPage(OfferPageStepDefinition.java:41)
at stepDefinitions.OfferPageStepDefinition.user_searched_for_same_shortname_in_offers_page_to_check_if_product_exist(OfferPageStepDefinition.java:28)
at ✽.User searched for Tom shortname in offers page(file:///C:/Users/Lenovo/OneDrive/Desktop/BDD%20code/BDD/src/test/java/features/searchProduct.feature:7)
]]>
    </error>
  </testcase> <!-- runScenario -->
</testsuite> <!-- cucumberOptions.FailedTestRunner -->
